dialogflow/build/intermediates/manifest_merge_blame_file/debug/manifest-merger-blame-debug-report.txt
1<?xml version="1.0" encoding="utf-8"?>
2<manifest xmlns:android="http://schemas.android.com/apk/res/android"
3    package="com.bae.dialogflowbot"
4    android:versionCode="1"
5    android:versionName="1.0" >
6
7    <uses-sdk
8        android:minSdkVersion="23"
8-->src\main\AndroidManifest.xml
9        android:targetSdkVersion="30" />
9-->src\main\AndroidManifest.xml
10
11    <uses-permission android:name="android.permission.INTERNET" />
11-->src\main\AndroidManifest.xml:4:3-64
11-->src\main\AndroidManifest.xml:4:20-62
12
13    <application
13-->src\main\AndroidManifest.xml:6:3-20:17
14        android:allowBackup="true"
14-->src\main\AndroidManifest.xml:7:7-33
15        android:appComponentFactory="androidx.core.app.CoreComponentFactory"
15-->[androidx.core:core:1.3.0] AndroidManifest.xml:24:18-86
16        android:debuggable="true"
17        android:extractNativeLibs="false"
18        android:icon="@mipmap/ic_launcher"
18-->src\main\AndroidManifest.xml:8:7-41
19        android:label="@string/app_name"
19-->src\main\AndroidManifest.xml:9:7-39
20        android:roundIcon="@mipmap/ic_launcher_round"
20-->src\main\AndroidManifest.xml:10:7-52
21        android:supportsRtl="true"
21-->src\main\AndroidManifest.xml:11:7-33
22        android:theme="@style/AppTheme" >
22-->src\main\AndroidManifest.xml:12:7-38
23        <activity android:name="com.bae.dialogflowbot.MainActivity" >
23-->src\main\AndroidManifest.xml:13:5-19:16
23-->src\main\AndroidManifest.xml:13:15-43
24            <intent-filter>
24-->src\main\AndroidManifest.xml:14:7-18:23
25                <action android:name="android.intent.action.MAIN" />
25-->src\main\AndroidManifest.xml:15:9-61
25-->src\main\AndroidManifest.xml:15:17-58
26
27                <category android:name="android.intent.category.LAUNCHER" />
27-->src\main\AndroidManifest.xml:17:9-69
27-->src\main\AndroidManifest.xml:17:19-66
28            </intent-filter>
29        </activity>
30    </application>
31
32</manifest>